{"/home/brunocotto/dev/ignite-rocketseat/trilha-nodejs/api-dtmoney/src/repositories/in-memory/in-memory-users-repository.ts": {"path":"/home/brunocotto/dev/ignite-rocketseat/trilha-nodejs/api-dtmoney/src/repositories/in-memory/in-memory-users-repository.ts","all":false,"statementMap":{"0":{"start":{"line":1,"column":0},"end":{"line":1,"column":45}},"1":{"start":{"line":2,"column":0},"end":{"line":2,"column":55}},"2":{"start":{"line":3,"column":0},"end":{"line":3,"column":0}},"3":{"start":{"line":4,"column":0},"end":{"line":4,"column":65}},"4":{"start":{"line":5,"column":0},"end":{"line":5,"column":27}},"5":{"start":{"line":6,"column":0},"end":{"line":6,"column":0}},"6":{"start":{"line":7,"column":0},"end":{"line":7,"column":36}},"7":{"start":{"line":8,"column":0},"end":{"line":8,"column":64}},"8":{"start":{"line":9,"column":0},"end":{"line":9,"column":0}},"9":{"start":{"line":10,"column":0},"end":{"line":10,"column":16}},"10":{"start":{"line":11,"column":0},"end":{"line":11,"column":17}},"11":{"start":{"line":12,"column":0},"end":{"line":12,"column":5}},"12":{"start":{"line":13,"column":0},"end":{"line":13,"column":0}},"13":{"start":{"line":14,"column":0},"end":{"line":14,"column":15}},"14":{"start":{"line":15,"column":0},"end":{"line":15,"column":3}},"15":{"start":{"line":16,"column":0},"end":{"line":16,"column":0}},"16":{"start":{"line":17,"column":0},"end":{"line":17,"column":46}},"17":{"start":{"line":18,"column":0},"end":{"line":18,"column":18}},"18":{"start":{"line":19,"column":0},"end":{"line":19,"column":19}},"19":{"start":{"line":20,"column":0},"end":{"line":20,"column":22}},"20":{"start":{"line":21,"column":0},"end":{"line":21,"column":24}},"21":{"start":{"line":22,"column":0},"end":{"line":22,"column":24}},"22":{"start":{"line":23,"column":0},"end":{"line":23,"column":40}},"23":{"start":{"line":24,"column":0},"end":{"line":24,"column":29}},"24":{"start":{"line":25,"column":0},"end":{"line":25,"column":5}},"25":{"start":{"line":26,"column":0},"end":{"line":26,"column":0}},"26":{"start":{"line":27,"column":0},"end":{"line":27,"column":25}},"27":{"start":{"line":28,"column":0},"end":{"line":28,"column":0}},"28":{"start":{"line":29,"column":0},"end":{"line":29,"column":15}},"29":{"start":{"line":30,"column":0},"end":{"line":30,"column":3}},"30":{"start":{"line":31,"column":0},"end":{"line":31,"column":1}}},"s":{"0":1,"1":1,"2":1,"3":1,"4":3,"5":1,"6":1,"7":4,"8":4,"9":4,"10":3,"11":3,"12":1,"13":1,"14":4,"15":1,"16":1,"17":3,"18":3,"19":3,"20":3,"21":3,"22":3,"23":3,"24":3,"25":3,"26":3,"27":3,"28":3,"29":3,"30":1},"branchMap":{"0":{"type":"branch","line":4,"loc":{"start":{"line":4,"column":7},"end":{"line":5,"column":27}},"locations":[{"start":{"line":4,"column":7},"end":{"line":5,"column":27}}]},"1":{"type":"branch","line":7,"loc":{"start":{"line":7,"column":2},"end":{"line":15,"column":3}},"locations":[{"start":{"line":7,"column":2},"end":{"line":15,"column":3}}]},"2":{"type":"branch","line":10,"loc":{"start":{"line":10,"column":15},"end":{"line":12,"column":5}},"locations":[{"start":{"line":10,"column":15},"end":{"line":12,"column":5}}]},"3":{"type":"branch","line":12,"loc":{"start":{"line":12,"column":4},"end":{"line":14,"column":15}},"locations":[{"start":{"line":12,"column":4},"end":{"line":14,"column":15}}]},"4":{"type":"branch","line":8,"loc":{"start":{"line":8,"column":33},"end":{"line":8,"column":63}},"locations":[{"start":{"line":8,"column":33},"end":{"line":8,"column":63}}]},"5":{"type":"branch","line":17,"loc":{"start":{"line":17,"column":2},"end":{"line":30,"column":3}},"locations":[{"start":{"line":17,"column":2},"end":{"line":30,"column":3}}]}},"b":{"0":[3],"1":[4],"2":[3],"3":[1],"4":[1],"5":[3]},"fnMap":{"0":{"name":"InMemoryUsersRepository","decl":{"start":{"line":4,"column":7},"end":{"line":5,"column":27}},"loc":{"start":{"line":4,"column":7},"end":{"line":5,"column":27}},"line":4},"1":{"name":"findByEmail","decl":{"start":{"line":7,"column":2},"end":{"line":15,"column":3}},"loc":{"start":{"line":7,"column":2},"end":{"line":15,"column":3}},"line":7},"2":{"name":"create","decl":{"start":{"line":17,"column":2},"end":{"line":30,"column":3}},"loc":{"start":{"line":17,"column":2},"end":{"line":30,"column":3}},"line":17}},"f":{"0":3,"1":4,"2":3}}
,"/home/brunocotto/dev/ignite-rocketseat/trilha-nodejs/api-dtmoney/src/use-cases/register.ts": {"path":"/home/brunocotto/dev/ignite-rocketseat/trilha-nodejs/api-dtmoney/src/use-cases/register.ts","all":false,"statementMap":{"0":{"start":{"line":1,"column":0},"end":{"line":1,"column":65}},"1":{"start":{"line":2,"column":0},"end":{"line":2,"column":31}},"2":{"start":{"line":3,"column":0},"end":{"line":3,"column":69}},"3":{"start":{"line":4,"column":0},"end":{"line":4,"column":37}},"4":{"start":{"line":5,"column":0},"end":{"line":5,"column":0}},"5":{"start":{"line":6,"column":0},"end":{"line":6,"column":34}},"6":{"start":{"line":7,"column":0},"end":{"line":7,"column":14}},"7":{"start":{"line":8,"column":0},"end":{"line":8,"column":15}},"8":{"start":{"line":9,"column":0},"end":{"line":9,"column":15}},"9":{"start":{"line":10,"column":0},"end":{"line":10,"column":18}},"10":{"start":{"line":11,"column":0},"end":{"line":11,"column":1}},"11":{"start":{"line":12,"column":0},"end":{"line":12,"column":0}},"12":{"start":{"line":13,"column":0},"end":{"line":13,"column":35}},"13":{"start":{"line":14,"column":0},"end":{"line":14,"column":12}},"14":{"start":{"line":15,"column":0},"end":{"line":15,"column":1}},"15":{"start":{"line":16,"column":0},"end":{"line":16,"column":0}},"16":{"start":{"line":17,"column":0},"end":{"line":17,"column":30}},"17":{"start":{"line":18,"column":0},"end":{"line":18,"column":57}},"18":{"start":{"line":19,"column":0},"end":{"line":19,"column":0}},"19":{"start":{"line":20,"column":0},"end":{"line":20,"column":17}},"20":{"start":{"line":21,"column":0},"end":{"line":21,"column":9}},"21":{"start":{"line":22,"column":0},"end":{"line":22,"column":10}},"22":{"start":{"line":23,"column":0},"end":{"line":23,"column":10}},"23":{"start":{"line":24,"column":0},"end":{"line":24,"column":13}},"24":{"start":{"line":25,"column":0},"end":{"line":25,"column":64}},"25":{"start":{"line":26,"column":0},"end":{"line":26,"column":49}},"26":{"start":{"line":27,"column":0},"end":{"line":27,"column":0}},"27":{"start":{"line":28,"column":0},"end":{"line":28,"column":75}},"28":{"start":{"line":29,"column":0},"end":{"line":29,"column":0}},"29":{"start":{"line":30,"column":0},"end":{"line":30,"column":28}},"30":{"start":{"line":31,"column":0},"end":{"line":31,"column":40}},"31":{"start":{"line":32,"column":0},"end":{"line":32,"column":5}},"32":{"start":{"line":33,"column":0},"end":{"line":33,"column":0}},"33":{"start":{"line":34,"column":0},"end":{"line":34,"column":64}},"34":{"start":{"line":35,"column":0},"end":{"line":35,"column":0}},"35":{"start":{"line":36,"column":0},"end":{"line":36,"column":52}},"36":{"start":{"line":37,"column":0},"end":{"line":37,"column":11}},"37":{"start":{"line":38,"column":0},"end":{"line":38,"column":12}},"38":{"start":{"line":39,"column":0},"end":{"line":39,"column":12}},"39":{"start":{"line":40,"column":0},"end":{"line":40,"column":20}},"40":{"start":{"line":41,"column":0},"end":{"line":41,"column":6}},"41":{"start":{"line":42,"column":0},"end":{"line":42,"column":0}},"42":{"start":{"line":43,"column":0},"end":{"line":43,"column":12}},"43":{"start":{"line":44,"column":0},"end":{"line":44,"column":11}},"44":{"start":{"line":45,"column":0},"end":{"line":45,"column":5}},"45":{"start":{"line":46,"column":0},"end":{"line":46,"column":3}},"46":{"start":{"line":47,"column":0},"end":{"line":47,"column":1}}},"s":{"0":1,"1":1,"2":1,"3":1,"4":1,"5":1,"6":1,"7":1,"8":1,"9":1,"10":1,"11":1,"12":1,"13":1,"14":1,"15":1,"16":1,"17":1,"18":1,"19":1,"20":4,"21":4,"22":4,"23":4,"24":4,"25":4,"26":4,"27":4,"28":4,"29":4,"30":1,"31":1,"32":3,"33":3,"34":3,"35":3,"36":3,"37":3,"38":3,"39":3,"40":3,"41":3,"42":3,"43":3,"44":3,"45":4,"46":1},"branchMap":{"0":{"type":"branch","line":18,"loc":{"start":{"line":18,"column":2},"end":{"line":18,"column":57}},"locations":[{"start":{"line":18,"column":2},"end":{"line":18,"column":57}}]},"1":{"type":"branch","line":20,"loc":{"start":{"line":20,"column":2},"end":{"line":46,"column":3}},"locations":[{"start":{"line":20,"column":2},"end":{"line":46,"column":3}}]},"2":{"type":"branch","line":30,"loc":{"start":{"line":30,"column":27},"end":{"line":32,"column":5}},"locations":[{"start":{"line":30,"column":27},"end":{"line":32,"column":5}}]},"3":{"type":"branch","line":32,"loc":{"start":{"line":32,"column":4},"end":{"line":45,"column":5}},"locations":[{"start":{"line":32,"column":4},"end":{"line":45,"column":5}}]}},"b":{"0":[3],"1":[4],"2":[1],"3":[3]},"fnMap":{"0":{"name":"RegisterUseCase","decl":{"start":{"line":18,"column":2},"end":{"line":18,"column":57}},"loc":{"start":{"line":18,"column":2},"end":{"line":18,"column":57}},"line":18},"1":{"name":"execute","decl":{"start":{"line":20,"column":2},"end":{"line":46,"column":3}},"loc":{"start":{"line":20,"column":2},"end":{"line":46,"column":3}},"line":20}},"f":{"0":3,"1":4}}
,"/home/brunocotto/dev/ignite-rocketseat/trilha-nodejs/api-dtmoney/src/use-cases/errors/user-already-exists.ts": {"path":"/home/brunocotto/dev/ignite-rocketseat/trilha-nodejs/api-dtmoney/src/use-cases/errors/user-already-exists.ts","all":false,"statementMap":{"0":{"start":{"line":1,"column":0},"end":{"line":1,"column":51}},"1":{"start":{"line":2,"column":0},"end":{"line":2,"column":17}},"2":{"start":{"line":3,"column":0},"end":{"line":3,"column":35}},"3":{"start":{"line":4,"column":0},"end":{"line":4,"column":3}},"4":{"start":{"line":5,"column":0},"end":{"line":5,"column":1}}},"s":{"0":1,"1":1,"2":1,"3":1,"4":1},"branchMap":{"0":{"type":"branch","line":2,"loc":{"start":{"line":2,"column":2},"end":{"line":4,"column":3}},"locations":[{"start":{"line":2,"column":2},"end":{"line":4,"column":3}}]}},"b":{"0":[1]},"fnMap":{"0":{"name":"UserAlreadyExistsError","decl":{"start":{"line":2,"column":2},"end":{"line":4,"column":3}},"loc":{"start":{"line":2,"column":2},"end":{"line":4,"column":3}},"line":2}},"f":{"0":1}}
}
